\BOOKMARK [0][-]{chapter*.1}{\376\377\000A\000b\000s\000t\000r\000a\000c\000t\000\040}{}% 1
\BOOKMARK [0][-]{chapter*.2}{\376\377\000S\000t\000r\000e\000s\000z\000c\000z\000e\000n\000i\000e\000\040}{}% 2
\BOOKMARK [0][-]{chapter.1}{\376\377\000I\000n\000t\000r\000o\000d\000u\000c\000t\000i\000o\000n}{}% 3
\BOOKMARK [1][-]{section.1.1}{\376\377\000T\000h\000e\000\040\000p\000u\000r\000p\000o\000s\000e\000\040\000o\000f\000\040\000t\000h\000e\000\040\000t\000h\000e\000s\000i\000s}{chapter.1}% 4
\BOOKMARK [1][-]{section.1.2}{\376\377\000T\000h\000e\000\040\000s\000c\000o\000p\000e\000\040\000o\000f\000\040\000t\000h\000e\000\040\000t\000h\000e\000s\000i\000s}{chapter.1}% 5
\BOOKMARK [1][-]{section.1.3}{\376\377\000T\000h\000e\000\040\000s\000t\000r\000u\000c\000t\000u\000r\000e\000\040\000o\000f\000\040\000t\000h\000e\000\040\000t\000h\000e\000s\000i\000s}{chapter.1}% 6
\BOOKMARK [0][-]{chapter.2}{\376\377\000R\000e\000l\000a\000t\000e\000d\000\040\000w\000o\000r\000k}{}% 7
\BOOKMARK [0][-]{chapter.3}{\376\377\000M\000o\000b\000i\000l\000e\000\040\000d\000e\000v\000e\000l\000o\000p\000m\000e\000n\000t\000\040\000a\000p\000p\000r\000o\000a\000c\000h\000e\000s}{}% 8
\BOOKMARK [1][-]{section.3.1}{\376\377\000N\000a\000t\000i\000v\000e\000\040\000m\000o\000b\000i\000l\000e\000\040\000d\000e\000v\000e\000l\000o\000p\000m\000e\000n\000t}{chapter.3}% 9
\BOOKMARK [2][-]{subsection.3.1.1}{\376\377\000A\000n\000d\000r\000o\000i\000d}{section.3.1}% 10
\BOOKMARK [2][-]{subsection.3.1.2}{\376\377\000i\000O\000S}{section.3.1}% 11
\BOOKMARK [2][-]{subsection.3.1.3}{\376\377\000W\000e\000b\000\040\000d\000e\000v\000e\000l\000o\000p\000m\000e\000n\000t\000\040\000i\000n\000\040\000r\000e\000l\000a\000t\000i\000o\000n\000\040\000t\000o\000\040\000n\000a\000t\000i\000v\000e\000\040\000m\000o\000b\000i\000l\000e\000\040\000d\000e\000v\000e\000l\000o\000p\000m\000e\000n\000t}{section.3.1}% 12
\BOOKMARK [1][-]{section.3.2}{\376\377\000C\000r\000o\000s\000s\000-\000p\000l\000a\000t\000f\000o\000r\000m\000\040\000m\000o\000b\000i\000l\000e\000\040\000d\000e\000v\000e\000l\000o\000p\000m\000e\000n\000t}{chapter.3}% 13
\BOOKMARK [2][-]{subsection.3.2.1}{\376\377\000C\000r\000o\000s\000s\000-\000p\000l\000a\000t\000f\000o\000r\000m\000\040\000d\000e\000v\000e\000l\000o\000p\000m\000e\000n\000t\000\040\000a\000p\000p\000r\000o\000a\000c\000h\000e\000s}{section.3.2}% 14
\BOOKMARK [2][-]{subsection.3.2.2}{\376\377\000F\000l\000u\000t\000t\000e\000r}{section.3.2}% 15
\BOOKMARK [2][-]{subsection.3.2.3}{\376\377\000R\000e\000a\000c\000t\000\040\000N\000a\000t\000i\000v\000e}{section.3.2}% 16
\BOOKMARK [2][-]{subsection.3.2.4}{\376\377\000I\000o\000n\000i\000c}{section.3.2}% 17
\BOOKMARK [2][-]{subsection.3.2.5}{\376\377\000C\000o\000m\000p\000a\000r\000i\000s\000o\000n}{section.3.2}% 18
\BOOKMARK [2][-]{subsection.3.2.6}{\376\377\000E\000v\000a\000l\000u\000a\000t\000i\000o\000n\000\040\000o\000f\000\040\000c\000r\000o\000s\000s\000-\000p\000l\000a\000t\000f\000o\000r\000m\000\040\000f\000r\000a\000m\000e\000w\000o\000r\000k\000s}{section.3.2}% 19
\BOOKMARK [0][-]{chapter.4}{\376\377\000M\000o\000b\000i\000l\000e\000\040\000a\000p\000p\000l\000i\000c\000a\000t\000i\000o\000n\000\040\000p\000e\000r\000f\000o\000r\000m\000a\000n\000c\000e\000\040\000m\000e\000a\000s\000u\000r\000e\000m\000e\000n\000t}{}% 20
\BOOKMARK [0][-]{chapter.5}{\376\377\000R\000e\000s\000e\000a\000r\000c\000h\000\040\000m\000e\000t\000h\000o\000d}{}% 21
\BOOKMARK [1][-]{section.5.1}{\376\377\000P\000e\000r\000f\000o\000r\000m\000a\000n\000c\000e\000\040\000m\000e\000t\000r\000i\000c\000s}{chapter.5}% 22
\BOOKMARK [1][-]{section.5.2}{\376\377\000R\000e\000s\000e\000a\000r\000c\000h\000\040\000s\000c\000e\000n\000a\000r\000i\000o\000s}{chapter.5}% 23
\BOOKMARK [1][-]{section.5.3}{\376\377\000T\000e\000s\000t\000i\000n\000g\000\040\000t\000o\000o\000l\000s}{chapter.5}% 24
\BOOKMARK [1][-]{section.5.4}{\376\377\000T\000e\000s\000t\000i\000n\000g\000\040\000d\000e\000v\000i\000c\000e\000s}{chapter.5}% 25
\BOOKMARK [0][-]{chapter.6}{\376\377\000I\000m\000p\000l\000e\000m\000e\000n\000t\000a\000t\000i\000o\000n\000\040\000o\000f\000\040\000s\000a\000m\000p\000l\000e\000\040\000a\000p\000p\000l\000i\000c\000a\000t\000i\000o\000n\000s}{}% 26
\BOOKMARK [1][-]{section.6.1}{\376\377\000R\000e\000s\000e\000a\000r\000c\000h\000\040\000s\000c\000e\000n\000a\000r\000i\000o\000\040\0001\000:\000\040\000L\000i\000s\000t\000\040\000s\000c\000r\000o\000l\000l\000i\000n\000g\000\040\000a\000n\000d\000\040\000f\000i\000l\000t\000e\000r\000i\000n\000g}{chapter.6}% 27
\BOOKMARK [1][-]{section.6.2}{\376\377\000R\000e\000s\000e\000a\000r\000c\000h\000\040\000s\000c\000e\000n\000a\000r\000i\000o\000\040\0002\000:\000\040\000A\000n\000i\000m\000a\000t\000i\000o\000n\000s}{chapter.6}% 28
\BOOKMARK [1][-]{section.6.3}{\376\377\000R\000e\000s\000e\000a\000r\000c\000h\000\040\000s\000c\000e\000n\000a\000r\000i\000o\000\040\0003\000:\000\040\000F\000i\000l\000e\000\040\000I\000/\000O}{chapter.6}% 29
\BOOKMARK [1][-]{section.6.4}{\376\377\000R\000e\000s\000e\000a\000r\000c\000h\000\040\000s\000c\000e\000n\000a\000r\000i\000o\000\040\0004\000:\000\040\000C\000o\000m\000m\000o\000n\000\040\000U\000I\000\040\000e\000l\000e\000m\000e\000n\000t\000s}{chapter.6}% 30
\BOOKMARK [1][-]{section.6.5}{\376\377\000K\000e\000y\000\040\000t\000a\000k\000e\000a\000w\000a\000y\000s\000\040\000o\000b\000t\000a\000i\000n\000e\000d\000\040\000d\000u\000r\000i\000n\000g\000\040\000t\000h\000e\000\040\000i\000m\000p\000l\000e\000m\000e\000n\000t\000a\000t\000i\000o\000n\000\040\000p\000r\000o\000c\000e\000s\000s}{chapter.6}% 31
\BOOKMARK [0][-]{chapter.7}{\376\377\000R\000e\000s\000e\000a\000r\000c\000h\000\040\000r\000e\000s\000u\000l\000t\000s}{}% 32
\BOOKMARK [1][-]{section.7.1}{\376\377\000R\000e\000s\000e\000a\000r\000c\000h\000\040\000s\000c\000e\000n\000a\000r\000i\000o\000\040\0001\000:\000\040\000L\000i\000s\000t\000\040\000s\000c\000r\000o\000l\000l\000i\000n\000g\000\040\000a\000n\000d\000\040\000f\000i\000l\000t\000e\000r\000i\000n\000g}{chapter.7}% 33
\BOOKMARK [1][-]{section.7.2}{\376\377\000R\000e\000s\000e\000a\000r\000c\000h\000\040\000s\000c\000e\000n\000a\000r\000i\000o\000\040\0002\000:\000\040\000A\000n\000i\000m\000a\000t\000i\000o\000n\000s}{chapter.7}% 34
\BOOKMARK [1][-]{section.7.3}{\376\377\000R\000e\000s\000e\000a\000r\000c\000h\000\040\000s\000c\000e\000n\000a\000r\000i\000o\000\040\0003\000:\000\040\000F\000i\000l\000e\000\040\000I\000/\000O}{chapter.7}% 35
\BOOKMARK [1][-]{section.7.4}{\376\377\000R\000e\000s\000e\000a\000r\000c\000h\000\040\000s\000c\000e\000n\000a\000r\000i\000o\000\040\0004\000:\000\040\000C\000o\000m\000m\000o\000n\000\040\000U\000I\000\040\000e\000l\000e\000m\000e\000n\000t\000s}{chapter.7}% 36
\BOOKMARK [0][-]{chapter.8}{\376\377\000D\000i\000s\000c\000u\000s\000s\000i\000o\000n}{}% 37
\BOOKMARK [1][-]{section.8.1}{\376\377\000M\000o\000b\000i\000l\000e\000\040\000e\000n\000v\000i\000r\000o\000n\000m\000e\000n\000t}{chapter.8}% 38
\BOOKMARK [1][-]{section.8.2}{\376\377\000W\000e\000b\000\040\000e\000n\000v\000i\000r\000o\000n\000m\000e\000n\000t}{chapter.8}% 39
\BOOKMARK [0][-]{chapter.9}{\376\377\000S\000u\000m\000m\000a\000r\000y}{}% 40
\BOOKMARK [1][-]{section.9.1}{\376\377\000C\000o\000n\000t\000r\000i\000b\000u\000t\000i\000o\000n}{chapter.9}% 41
\BOOKMARK [1][-]{section.9.2}{\376\377\000L\000i\000m\000i\000t\000a\000t\000i\000o\000n\000s}{chapter.9}% 42
\BOOKMARK [1][-]{section.9.3}{\376\377\000S\000u\000g\000g\000e\000s\000t\000i\000o\000n\000s\000\040\000f\000o\000r\000\040\000f\000u\000t\000u\000r\000e\000\040\000w\000o\000r\000k}{chapter.9}% 43
\BOOKMARK [0][-]{chapter*.28}{\376\377\000B\000i\000b\000l\000i\000o\000g\000r\000a\000p\000h\000y}{}% 44
\BOOKMARK [0][-]{chapter*.29}{\376\377\000L\000i\000s\000t\000\040\000o\000f\000\040\000F\000i\000g\000u\000r\000e\000s}{}% 45
\BOOKMARK [0][-]{chapter*.30}{\376\377\000L\000i\000s\000t\000\040\000o\000f\000\040\000T\000a\000b\000l\000e\000s}{}% 46
